+---------------+----------------+--------------+--------------------------------------------------------+
| PrincipalType | ActionName     | ResourceType | Result                                                 |
+---------------+----------------+--------------+--------------------------------------------------------+
| User          | AddEditor      | Document     | Source PolicySet is equivalent to Target Policy        |
+---------------+----------------+--------------+--------------------------------------------------------+
| User          | AddReader      | Document     | Source PolicySet is more permissive than Target Policy |
+---------------+----------------+--------------+--------------------------------------------------------+
| User          | CreateDocument | Drive        | Source PolicySet is equivalent to Target Policy        |
+---------------+----------------+--------------+--------------------------------------------------------+
| User          | CreateGroup    | Drive        | Source PolicySet is equivalent to Target Policy        |
+---------------+----------------+--------------+--------------------------------------------------------+
| User          | CreateUser     | Drive        | Source PolicySet is equivalent to Target Policy        |
+---------------+----------------+--------------+--------------------------------------------------------+
| User          | DeleteUser     | User         | Source PolicySet is equivalent to Target Policy        |
+---------------+----------------+--------------+--------------------------------------------------------+
| User          | DownloadFile   | Document     | Source PolicySet is equivalent to Target Policy        |
+---------------+----------------+--------------+--------------------------------------------------------+
| User          | EditFile       | Document     | Source PolicySet is more permissive than Target Policy |
+---------------+----------------+--------------+--------------------------------------------------------+
| User          | ViewFile       | Document     | Source PolicySet is equivalent to Target Policy        |
+---------------+----------------+--------------+--------------------------------------------------------+